2018-06-13 01:55:57,664 - tensorflow - INFO - 
{'batch_size': 128,
 'clip_norm': 5.0,
 'hidden_units': 300,
 'n_epochs': 3,
 'rnn_type': 'lstm',
 'train_val_split': 0.95}
2018-06-13 01:55:57,664 - tensorflow - INFO - Exists ../data/files_processed/question_cleaned.csv
2018-06-13 01:55:57,664 - tensorflow - INFO - Exists ../data/files_processed/word_embedding.npy
2018-06-13 01:55:57,664 - tensorflow - INFO - Exists ../data/files_processed/q2w.pkl
2018-06-13 01:55:57,664 - tensorflow - INFO - Exists ../data/tfrecords/word_train.tfrecord
2018-06-13 01:55:57,665 - tensorflow - INFO - Exists ../data/tfrecords/word_val.tfrecord
2018-06-13 01:55:57,665 - tensorflow - INFO - Exists ../data/tfrecords/word_test.tfrecord
2018-06-13 01:55:57,683 - tensorflow - INFO - Using config: {'_model_dir': '../model/word_siamese_rnn_ckpt', '_tf_random_seed': None, '_save_summary_steps': 100, '_save_checkpoints_steps': None, '_save_checkpoints_secs': 600, '_session_config': None, '_keep_checkpoint_max': 1, '_keep_checkpoint_every_n_hours': 10000, '_log_step_count_steps': 100, '_train_distribute': None, '_service': None, '_cluster_spec': <tensorflow.python.training.server_lib.ClusterSpec object at 0x117d6d8d0>, '_task_type': 'worker', '_task_id': 0, '_global_id_in_cluster': 0, '_master': '', '_evaluation_master': '', '_is_chief': True, '_num_ps_replicas': 0, '_num_worker_replicas': 1}
2018-06-13 01:55:58,028 - tensorflow - INFO - Calling model_fn.
2018-06-13 01:55:59,760 - tensorflow - INFO - 
[<tf.Variable 'bidirectional_rnn/fw/lstm_cell/kernel:0' shape=(450, 600) dtype=float32_ref>,
 <tf.Variable 'bidirectional_rnn/fw/lstm_cell/bias:0' shape=(600,) dtype=float32_ref>,
 <tf.Variable 'bidirectional_rnn/bw/lstm_cell/kernel:0' shape=(450, 600) dtype=float32_ref>,
 <tf.Variable 'bidirectional_rnn/bw/lstm_cell/bias:0' shape=(600,) dtype=float32_ref>,
 <tf.Variable 'attention/attn_v:0' shape=(300,) dtype=float32_ref>,
 <tf.Variable 'attention/dense/kernel:0' shape=(300, 300) dtype=float32_ref>,
 <tf.Variable 'attention/dense/bias:0' shape=(300,) dtype=float32_ref>,
 <tf.Variable 'attention/dense_1/kernel:0' shape=(300, 300) dtype=float32_ref>,
 <tf.Variable 'attention/dense_1/bias:0' shape=(300,) dtype=float32_ref>,
 <tf.Variable 'output/dense/kernel:0' shape=(3000, 600) dtype=float32_ref>,
 <tf.Variable 'output/dense/bias:0' shape=(600,) dtype=float32_ref>,
 <tf.Variable 'output/dense_1/kernel:0' shape=(600, 300) dtype=float32_ref>,
 <tf.Variable 'output/dense_1/bias:0' shape=(300,) dtype=float32_ref>,
 <tf.Variable 'output/dense_2/kernel:0' shape=(300, 1) dtype=float32_ref>,
 <tf.Variable 'output/dense_2/bias:0' shape=(1,) dtype=float32_ref>]
2018-06-13 01:56:02,250 - tensorflow - INFO - Done calling model_fn.
2018-06-13 01:56:02,252 - tensorflow - INFO - Create CheckpointSaverHook.
2018-06-13 01:56:07,217 - tensorflow - INFO - Graph was finalized.
2018-06-13 01:56:07,559 - tensorflow - INFO - Running local_init_op.
2018-06-13 01:56:07,587 - tensorflow - INFO - Done running local_init_op.
2018-06-13 01:56:28,839 - tensorflow - INFO - Saving checkpoints for 1 into ../model/word_siamese_rnn_ckpt/model.ckpt.
2018-06-13 01:56:31,682 - tensorflow - INFO - loss = 0.72518337, step = 1
2018-06-13 01:56:31,682 - tensorflow - INFO - lr = 0.001
2018-06-13 01:57:04,754 - tensorflow - INFO - global_step/sec: 3.02361
2018-06-13 01:57:04,755 - tensorflow - INFO - loss = 0.37596333, step = 101 (33.073 sec)
2018-06-13 01:57:04,755 - tensorflow - INFO - lr = 0.0009930925 (33.073 sec)
2018-06-13 01:57:38,992 - tensorflow - INFO - global_step/sec: 2.92072
2018-06-13 01:57:38,993 - tensorflow - INFO - loss = 0.39677557, step = 201 (34.238 sec)
2018-06-13 01:57:38,993 - tensorflow - INFO - lr = 0.0009862328 (34.238 sec)
2018-06-13 01:58:11,734 - tensorflow - INFO - global_step/sec: 3.05417
2018-06-13 01:58:11,735 - tensorflow - INFO - loss = 0.29967394, step = 301 (32.742 sec)
2018-06-13 01:58:11,736 - tensorflow - INFO - lr = 0.0009794204 (32.742 sec)
2018-06-13 01:58:44,871 - tensorflow - INFO - global_step/sec: 3.0178
2018-06-13 01:58:44,872 - tensorflow - INFO - loss = 0.4037498, step = 401 (33.136 sec)
2018-06-13 01:58:44,872 - tensorflow - INFO - lr = 0.00097265496 (33.137 sec)
2018-06-13 01:59:16,868 - tensorflow - INFO - global_step/sec: 3.12528
2018-06-13 01:59:16,870 - tensorflow - INFO - loss = 0.29474878, step = 501 (31.998 sec)
2018-06-13 01:59:16,870 - tensorflow - INFO - lr = 0.00096593634 (31.998 sec)
2018-06-13 01:59:51,072 - tensorflow - INFO - global_step/sec: 2.9237
2018-06-13 01:59:51,072 - tensorflow - INFO - loss = 0.2936883, step = 601 (34.203 sec)
2018-06-13 01:59:51,073 - tensorflow - INFO - lr = 0.0009592642 (34.203 sec)
2018-06-13 02:00:23,722 - tensorflow - INFO - global_step/sec: 3.06276
2018-06-13 02:00:23,723 - tensorflow - INFO - loss = 0.34295866, step = 701 (32.650 sec)
2018-06-13 02:00:23,723 - tensorflow - INFO - lr = 0.000952638 (32.650 sec)
2018-06-13 02:00:56,885 - tensorflow - INFO - global_step/sec: 3.01537
2018-06-13 02:00:56,886 - tensorflow - INFO - loss = 0.27902228, step = 801 (33.163 sec)
2018-06-13 02:00:56,886 - tensorflow - INFO - lr = 0.0009460577 (33.163 sec)
2018-06-13 02:01:32,913 - tensorflow - INFO - global_step/sec: 2.77564
2018-06-13 02:01:32,914 - tensorflow - INFO - loss = 0.25773385, step = 901 (36.028 sec)
2018-06-13 02:01:32,914 - tensorflow - INFO - lr = 0.0009395228 (36.028 sec)
2018-06-13 02:02:07,661 - tensorflow - INFO - global_step/sec: 2.87788
2018-06-13 02:02:07,662 - tensorflow - INFO - loss = 0.38535517, step = 1001 (34.748 sec)
2018-06-13 02:02:07,662 - tensorflow - INFO - lr = 0.000933033 (34.748 sec)
2018-06-13 02:02:39,133 - tensorflow - INFO - global_step/sec: 3.17741
2018-06-13 02:02:39,134 - tensorflow - INFO - loss = 0.30648252, step = 1101 (31.472 sec)
2018-06-13 02:02:39,134 - tensorflow - INFO - lr = 0.0009265881 (31.472 sec)
2018-06-13 02:03:13,785 - tensorflow - INFO - global_step/sec: 2.88588
2018-06-13 02:03:13,786 - tensorflow - INFO - loss = 0.38655365, step = 1201 (34.651 sec)
2018-06-13 02:03:13,786 - tensorflow - INFO - lr = 0.0009201877 (34.652 sec)
2018-06-13 02:03:46,282 - tensorflow - INFO - global_step/sec: 3.07721
2018-06-13 02:03:46,282 - tensorflow - INFO - loss = 0.23522156, step = 1301 (32.497 sec)
2018-06-13 02:03:46,283 - tensorflow - INFO - lr = 0.0009138315 (32.497 sec)
2018-06-13 02:04:20,224 - tensorflow - INFO - global_step/sec: 2.94619
2018-06-13 02:04:20,225 - tensorflow - INFO - loss = 0.24145812, step = 1401 (33.942 sec)
2018-06-13 02:04:20,225 - tensorflow - INFO - lr = 0.0009075192 (33.942 sec)
2018-06-13 02:04:53,012 - tensorflow - INFO - global_step/sec: 3.04984
2018-06-13 02:04:53,013 - tensorflow - INFO - loss = 0.26354852, step = 1501 (32.789 sec)
2018-06-13 02:04:53,014 - tensorflow - INFO - lr = 0.0009012505 (32.789 sec)
2018-06-13 02:05:30,755 - tensorflow - INFO - global_step/sec: 2.64954
2018-06-13 02:05:30,756 - tensorflow - INFO - loss = 0.28957427, step = 1601 (37.743 sec)
2018-06-13 02:05:30,756 - tensorflow - INFO - lr = 0.0008950251 (37.742 sec)
2018-06-13 02:06:06,598 - tensorflow - INFO - global_step/sec: 2.78996
2018-06-13 02:06:06,598 - tensorflow - INFO - loss = 0.18265754, step = 1701 (35.843 sec)
2018-06-13 02:06:06,599 - tensorflow - INFO - lr = 0.00088884274 (35.842 sec)
2018-06-13 02:06:29,040 - tensorflow - INFO - Saving checkpoints for 1761 into ../model/word_siamese_rnn_ckpt/model.ckpt.
2018-06-13 02:06:45,590 - tensorflow - INFO - global_step/sec: 2.56458
2018-06-13 02:06:45,591 - tensorflow - INFO - loss = 0.22434314, step = 1801 (38.993 sec)
2018-06-13 02:06:45,591 - tensorflow - INFO - lr = 0.00088270305 (38.993 sec)
2018-06-13 02:07:15,533 - tensorflow - INFO - Saving checkpoints for 1889 into ../model/word_siamese_rnn_ckpt/model.ckpt.
2018-06-13 02:07:18,554 - tensorflow - INFO - Loss for final step: 0.08285083.
2018-06-13 02:07:18,611 - tensorflow - INFO - Calling model_fn.
2018-06-13 02:07:20,322 - tensorflow - INFO - Done calling model_fn.
2018-06-13 02:07:20,484 - tensorflow - INFO - Graph was finalized.
2018-06-13 02:07:20,485 - tensorflow - INFO - Restoring parameters from ../model/word_siamese_rnn_ckpt/model.ckpt-1889
2018-06-13 02:07:20,599 - tensorflow - INFO - Running local_init_op.
2018-06-13 02:07:20,620 - tensorflow - INFO - Done running local_init_op.
2018-06-13 02:07:34,591 - tensorflow - INFO - 
Val Log Loss: 0.227

2018-06-13 02:07:34,691 - tensorflow - INFO - Calling model_fn.
2018-06-13 02:07:36,448 - tensorflow - INFO - 
[<tf.Variable 'bidirectional_rnn/fw/lstm_cell/kernel:0' shape=(450, 600) dtype=float32_ref>,
 <tf.Variable 'bidirectional_rnn/fw/lstm_cell/bias:0' shape=(600,) dtype=float32_ref>,
 <tf.Variable 'bidirectional_rnn/bw/lstm_cell/kernel:0' shape=(450, 600) dtype=float32_ref>,
 <tf.Variable 'bidirectional_rnn/bw/lstm_cell/bias:0' shape=(600,) dtype=float32_ref>,
 <tf.Variable 'attention/attn_v:0' shape=(300,) dtype=float32_ref>,
 <tf.Variable 'attention/dense/kernel:0' shape=(300, 300) dtype=float32_ref>,
 <tf.Variable 'attention/dense/bias:0' shape=(300,) dtype=float32_ref>,
 <tf.Variable 'attention/dense_1/kernel:0' shape=(300, 300) dtype=float32_ref>,
 <tf.Variable 'attention/dense_1/bias:0' shape=(300,) dtype=float32_ref>,
 <tf.Variable 'output/dense/kernel:0' shape=(3000, 600) dtype=float32_ref>,
 <tf.Variable 'output/dense/bias:0' shape=(600,) dtype=float32_ref>,
 <tf.Variable 'output/dense_1/kernel:0' shape=(600, 300) dtype=float32_ref>,
 <tf.Variable 'output/dense_1/bias:0' shape=(300,) dtype=float32_ref>,
 <tf.Variable 'output/dense_2/kernel:0' shape=(300, 1) dtype=float32_ref>,
 <tf.Variable 'output/dense_2/bias:0' shape=(1,) dtype=float32_ref>]
2018-06-13 02:07:39,022 - tensorflow - INFO - Done calling model_fn.
2018-06-13 02:07:39,024 - tensorflow - INFO - Create CheckpointSaverHook.
2018-06-13 02:07:39,350 - tensorflow - INFO - Graph was finalized.
2018-06-13 02:07:39,351 - tensorflow - INFO - Restoring parameters from ../model/word_siamese_rnn_ckpt/model.ckpt-1889
2018-06-13 02:07:39,585 - tensorflow - INFO - Running local_init_op.
2018-06-13 02:07:39,615 - tensorflow - INFO - Done running local_init_op.
2018-06-13 02:08:00,583 - tensorflow - INFO - Saving checkpoints for 1890 into ../model/word_siamese_rnn_ckpt/model.ckpt.
2018-06-13 02:08:03,166 - tensorflow - INFO - loss = 0.16693029, step = 1890
2018-06-13 02:08:03,167 - tensorflow - INFO - lr = 0.0008772744
2018-06-13 02:08:36,658 - tensorflow - INFO - global_step/sec: 2.98577
2018-06-13 02:08:36,660 - tensorflow - INFO - loss = 0.22627537, step = 1990 (33.493 sec)
2018-06-13 02:08:36,660 - tensorflow - INFO - lr = 0.0008712146 (33.493 sec)
2018-06-13 02:09:09,208 - tensorflow - INFO - global_step/sec: 3.07226
2018-06-13 02:09:09,209 - tensorflow - INFO - loss = 0.2048173, step = 2090 (32.549 sec)
2018-06-13 02:09:09,209 - tensorflow - INFO - lr = 0.0008651967 (32.549 sec)
2018-06-13 02:09:42,765 - tensorflow - INFO - global_step/sec: 2.97998
2018-06-13 02:09:42,766 - tensorflow - INFO - loss = 0.16073069, step = 2190 (33.557 sec)
2018-06-13 02:09:42,766 - tensorflow - INFO - lr = 0.0008592204 (33.558 sec)
2018-06-13 02:10:16,710 - tensorflow - INFO - global_step/sec: 2.94591
2018-06-13 02:10:16,711 - tensorflow - INFO - loss = 0.22631276, step = 2290 (33.945 sec)
2018-06-13 02:10:16,711 - tensorflow - INFO - lr = 0.0008532853 (33.945 sec)
2018-06-13 02:10:51,250 - tensorflow - INFO - global_step/sec: 2.89524
2018-06-13 02:10:51,253 - tensorflow - INFO - loss = 0.14365458, step = 2390 (34.542 sec)
2018-06-13 02:10:51,253 - tensorflow - INFO - lr = 0.0008473912 (34.542 sec)
2018-06-13 02:11:26,885 - tensorflow - INFO - global_step/sec: 2.80625
2018-06-13 02:11:26,885 - tensorflow - INFO - loss = 0.2360676, step = 2490 (35.633 sec)
2018-06-13 02:11:26,886 - tensorflow - INFO - lr = 0.0008415379 (35.632 sec)
2018-06-13 02:11:59,290 - tensorflow - INFO - global_step/sec: 3.08598
2018-06-13 02:11:59,291 - tensorflow - INFO - loss = 0.2140066, step = 2590 (32.405 sec)
2018-06-13 02:11:59,291 - tensorflow - INFO - lr = 0.00083572493 (32.405 sec)
2018-06-13 02:12:35,027 - tensorflow - INFO - global_step/sec: 2.79818
2018-06-13 02:12:35,027 - tensorflow - INFO - loss = 0.14172012, step = 2690 (35.737 sec)
2018-06-13 02:12:35,028 - tensorflow - INFO - lr = 0.0008299522 (35.737 sec)
2018-06-13 02:13:10,053 - tensorflow - INFO - global_step/sec: 2.85502
2018-06-13 02:13:10,054 - tensorflow - INFO - loss = 0.23490283, step = 2790 (35.026 sec)
2018-06-13 02:13:10,054 - tensorflow - INFO - lr = 0.00082421926 (35.026 sec)
2018-06-13 02:13:42,601 - tensorflow - INFO - global_step/sec: 3.0724
2018-06-13 02:13:42,601 - tensorflow - INFO - loss = 0.16759327, step = 2890 (32.548 sec)
2018-06-13 02:13:42,602 - tensorflow - INFO - lr = 0.00081852596 (32.548 sec)
2018-06-13 02:14:14,824 - tensorflow - INFO - global_step/sec: 3.10337
2018-06-13 02:14:14,825 - tensorflow - INFO - loss = 0.12048189, step = 2990 (32.223 sec)
2018-06-13 02:14:14,825 - tensorflow - INFO - lr = 0.00081287196 (32.223 sec)
2018-06-13 02:14:50,614 - tensorflow - INFO - global_step/sec: 2.79406
2018-06-13 02:14:50,615 - tensorflow - INFO - loss = 0.2617755, step = 3090 (35.790 sec)
2018-06-13 02:14:50,615 - tensorflow - INFO - lr = 0.0008072571 (35.790 sec)
2018-06-13 02:15:25,263 - tensorflow - INFO - global_step/sec: 2.88604
2018-06-13 02:15:25,264 - tensorflow - INFO - loss = 0.23004542, step = 3190 (34.650 sec)
2018-06-13 02:15:25,265 - tensorflow - INFO - lr = 0.00080168096 (34.649 sec)
2018-06-13 02:16:01,597 - tensorflow - INFO - global_step/sec: 2.75226
2018-06-13 02:16:01,598 - tensorflow - INFO - loss = 0.17781298, step = 3290 (36.334 sec)
2018-06-13 02:16:01,598 - tensorflow - INFO - lr = 0.0007961433 (36.334 sec)
2018-06-13 02:16:35,147 - tensorflow - INFO - global_step/sec: 2.98067
2018-06-13 02:16:35,148 - tensorflow - INFO - loss = 0.19970492, step = 3390 (33.550 sec)
2018-06-13 02:16:35,148 - tensorflow - INFO - lr = 0.000790644 (33.549 sec)
2018-06-13 02:17:08,730 - tensorflow - INFO - global_step/sec: 2.97765
2018-06-13 02:17:08,732 - tensorflow - INFO - loss = 0.2767008, step = 3490 (33.584 sec)
2018-06-13 02:17:08,732 - tensorflow - INFO - lr = 0.0007851826 (33.584 sec)
2018-06-13 02:17:44,432 - tensorflow - INFO - global_step/sec: 2.80104
2018-06-13 02:17:44,433 - tensorflow - INFO - loss = 0.1783421, step = 3590 (35.701 sec)
2018-06-13 02:17:44,433 - tensorflow - INFO - lr = 0.0007797589 (35.702 sec)
2018-06-13 02:18:01,013 - tensorflow - INFO - Saving checkpoints for 3634 into ../model/word_siamese_rnn_ckpt/model.ckpt.
2018-06-13 02:18:20,449 - tensorflow - INFO - global_step/sec: 2.77644
2018-06-13 02:18:20,449 - tensorflow - INFO - loss = 0.24225464, step = 3690 (36.016 sec)
2018-06-13 02:18:20,450 - tensorflow - INFO - lr = 0.0007743727 (36.016 sec)
2018-06-13 02:18:47,569 - tensorflow - INFO - Saving checkpoints for 3778 into ../model/word_siamese_rnn_ckpt/model.ckpt.
2018-06-13 02:18:49,947 - tensorflow - INFO - Loss for final step: 0.17788848.
2018-06-13 02:18:49,992 - tensorflow - INFO - Calling model_fn.
2018-06-13 02:18:51,375 - tensorflow - INFO - Done calling model_fn.
2018-06-13 02:18:51,517 - tensorflow - INFO - Graph was finalized.
2018-06-13 02:18:51,517 - tensorflow - INFO - Restoring parameters from ../model/word_siamese_rnn_ckpt/model.ckpt-3778
2018-06-13 02:18:51,625 - tensorflow - INFO - Running local_init_op.
2018-06-13 02:18:51,644 - tensorflow - INFO - Done running local_init_op.
2018-06-13 02:19:06,131 - tensorflow - INFO - 
Val Log Loss: 0.200

2018-06-13 02:19:06,240 - tensorflow - INFO - Calling model_fn.
2018-06-13 02:19:08,229 - tensorflow - INFO - 
[<tf.Variable 'bidirectional_rnn/fw/lstm_cell/kernel:0' shape=(450, 600) dtype=float32_ref>,
 <tf.Variable 'bidirectional_rnn/fw/lstm_cell/bias:0' shape=(600,) dtype=float32_ref>,
 <tf.Variable 'bidirectional_rnn/bw/lstm_cell/kernel:0' shape=(450, 600) dtype=float32_ref>,
 <tf.Variable 'bidirectional_rnn/bw/lstm_cell/bias:0' shape=(600,) dtype=float32_ref>,
 <tf.Variable 'attention/attn_v:0' shape=(300,) dtype=float32_ref>,
 <tf.Variable 'attention/dense/kernel:0' shape=(300, 300) dtype=float32_ref>,
 <tf.Variable 'attention/dense/bias:0' shape=(300,) dtype=float32_ref>,
 <tf.Variable 'attention/dense_1/kernel:0' shape=(300, 300) dtype=float32_ref>,
 <tf.Variable 'attention/dense_1/bias:0' shape=(300,) dtype=float32_ref>,
 <tf.Variable 'output/dense/kernel:0' shape=(3000, 600) dtype=float32_ref>,
 <tf.Variable 'output/dense/bias:0' shape=(600,) dtype=float32_ref>,
 <tf.Variable 'output/dense_1/kernel:0' shape=(600, 300) dtype=float32_ref>,
 <tf.Variable 'output/dense_1/bias:0' shape=(300,) dtype=float32_ref>,
 <tf.Variable 'output/dense_2/kernel:0' shape=(300, 1) dtype=float32_ref>,
 <tf.Variable 'output/dense_2/bias:0' shape=(1,) dtype=float32_ref>]
2018-06-13 02:19:10,892 - tensorflow - INFO - Done calling model_fn.
2018-06-13 02:19:10,895 - tensorflow - INFO - Create CheckpointSaverHook.
2018-06-13 02:19:11,293 - tensorflow - INFO - Graph was finalized.
2018-06-13 02:19:11,295 - tensorflow - INFO - Restoring parameters from ../model/word_siamese_rnn_ckpt/model.ckpt-3778
2018-06-13 02:19:11,536 - tensorflow - INFO - Running local_init_op.
2018-06-13 02:19:11,566 - tensorflow - INFO - Done running local_init_op.
2018-06-13 02:19:33,749 - tensorflow - INFO - Saving checkpoints for 3779 into ../model/word_siamese_rnn_ckpt/model.ckpt.
2018-06-13 02:19:36,569 - tensorflow - INFO - loss = 0.16388337, step = 3779
2018-06-13 02:19:36,570 - tensorflow - INFO - lr = 0.00076961034
2018-06-13 02:20:13,420 - tensorflow - INFO - global_step/sec: 2.71364
2018-06-13 02:20:13,421 - tensorflow - INFO - loss = 0.16259168, step = 3879 (36.851 sec)
2018-06-13 02:20:13,421 - tensorflow - INFO - lr = 0.00076429424 (36.851 sec)
2018-06-13 02:20:49,436 - tensorflow - INFO - global_step/sec: 2.77656
2018-06-13 02:20:49,436 - tensorflow - INFO - loss = 0.2263059, step = 3979 (36.016 sec)
2018-06-13 02:20:49,436 - tensorflow - INFO - lr = 0.00075901486 (36.016 sec)
2018-06-13 02:21:23,188 - tensorflow - INFO - global_step/sec: 2.96271
2018-06-13 02:21:23,190 - tensorflow - INFO - loss = 0.12517881, step = 4079 (33.753 sec)
2018-06-13 02:21:23,190 - tensorflow - INFO - lr = 0.000753772 (33.753 sec)
2018-06-13 02:21:59,994 - tensorflow - INFO - global_step/sec: 2.71701
2018-06-13 02:21:59,994 - tensorflow - INFO - loss = 0.17491007, step = 4179 (36.805 sec)
2018-06-13 02:21:59,995 - tensorflow - INFO - lr = 0.0007485653 (36.805 sec)
2018-06-13 02:22:31,518 - tensorflow - INFO - global_step/sec: 3.17211
2018-06-13 02:22:31,519 - tensorflow - INFO - loss = 0.14566898, step = 4279 (31.525 sec)
2018-06-13 02:22:31,519 - tensorflow - INFO - lr = 0.0007433946 (31.525 sec)
2018-06-13 02:23:01,919 - tensorflow - INFO - global_step/sec: 3.28942
2018-06-13 02:23:01,920 - tensorflow - INFO - loss = 0.15962872, step = 4379 (30.400 sec)
2018-06-13 02:23:01,920 - tensorflow - INFO - lr = 0.0007382596 (30.400 sec)
2018-06-13 02:23:33,355 - tensorflow - INFO - global_step/sec: 3.18101
2018-06-13 02:23:33,356 - tensorflow - INFO - loss = 0.13067304, step = 4479 (31.437 sec)
2018-06-13 02:23:33,356 - tensorflow - INFO - lr = 0.00073316006 (31.437 sec)
2018-06-13 02:24:05,416 - tensorflow - INFO - global_step/sec: 3.11906
2018-06-13 02:24:05,417 - tensorflow - INFO - loss = 0.22729227, step = 4579 (32.061 sec)
2018-06-13 02:24:05,417 - tensorflow - INFO - lr = 0.00072809577 (32.061 sec)
2018-06-13 02:24:37,139 - tensorflow - INFO - global_step/sec: 3.15235
2018-06-13 02:24:37,140 - tensorflow - INFO - loss = 0.16835773, step = 4679 (31.722 sec)
2018-06-13 02:24:37,140 - tensorflow - INFO - lr = 0.00072306645 (31.722 sec)
2018-06-13 02:25:09,586 - tensorflow - INFO - global_step/sec: 3.08191
2018-06-13 02:25:09,587 - tensorflow - INFO - loss = 0.2464453, step = 4779 (32.447 sec)
2018-06-13 02:25:09,587 - tensorflow - INFO - lr = 0.0007180718 (32.447 sec)
2018-06-13 02:25:40,211 - tensorflow - INFO - global_step/sec: 3.26536
2018-06-13 02:25:40,212 - tensorflow - INFO - loss = 0.18885256, step = 4879 (30.625 sec)
2018-06-13 02:25:40,212 - tensorflow - INFO - lr = 0.0007131117 (30.625 sec)
2018-06-13 02:26:11,988 - tensorflow - INFO - global_step/sec: 3.14692
2018-06-13 02:26:11,989 - tensorflow - INFO - loss = 0.24388324, step = 4979 (31.777 sec)
2018-06-13 02:26:11,989 - tensorflow - INFO - lr = 0.00070818595 (31.777 sec)
2018-06-13 02:26:44,146 - tensorflow - INFO - global_step/sec: 3.10964
2018-06-13 02:26:44,147 - tensorflow - INFO - loss = 0.15687001, step = 5079 (32.158 sec)
2018-06-13 02:26:44,147 - tensorflow - INFO - lr = 0.0007032941 (32.158 sec)
2018-06-13 02:27:14,044 - tensorflow - INFO - global_step/sec: 3.34466
2018-06-13 02:27:14,045 - tensorflow - INFO - loss = 0.15840326, step = 5179 (29.898 sec)
2018-06-13 02:27:14,045 - tensorflow - INFO - lr = 0.0006984361 (29.898 sec)
2018-06-13 02:27:46,634 - tensorflow - INFO - global_step/sec: 3.06849
2018-06-13 02:27:46,634 - tensorflow - INFO - loss = 0.15586124, step = 5279 (32.589 sec)
2018-06-13 02:27:46,635 - tensorflow - INFO - lr = 0.0006936116 (32.589 sec)
2018-06-13 02:28:23,432 - tensorflow - INFO - global_step/sec: 2.71752
2018-06-13 02:28:23,433 - tensorflow - INFO - loss = 0.11872998, step = 5379 (36.798 sec)
2018-06-13 02:28:23,433 - tensorflow - INFO - lr = 0.0006888205 (36.798 sec)
2018-06-13 02:28:57,895 - tensorflow - INFO - global_step/sec: 2.90165
2018-06-13 02:28:57,896 - tensorflow - INFO - loss = 0.14715487, step = 5479 (34.463 sec)
2018-06-13 02:28:57,896 - tensorflow - INFO - lr = 0.0006840625 (34.463 sec)
2018-06-13 02:29:33,487 - tensorflow - INFO - global_step/sec: 2.80961
2018-06-13 02:29:33,488 - tensorflow - INFO - loss = 0.20250933, step = 5579 (35.592 sec)
2018-06-13 02:29:33,488 - tensorflow - INFO - lr = 0.00067933736 (35.592 sec)
2018-06-13 02:29:33,795 - tensorflow - INFO - Saving checkpoints for 5580 into ../model/word_siamese_rnn_ckpt/model.ckpt.
2018-06-13 02:30:07,602 - tensorflow - INFO - Saving checkpoints for 5667 into ../model/word_siamese_rnn_ckpt/model.ckpt.
2018-06-13 02:30:10,452 - tensorflow - INFO - Loss for final step: 0.00062663195.
2018-06-13 02:30:10,510 - tensorflow - INFO - Calling model_fn.
2018-06-13 02:30:12,182 - tensorflow - INFO - Done calling model_fn.
2018-06-13 02:30:12,608 - tensorflow - INFO - Graph was finalized.
2018-06-13 02:30:12,609 - tensorflow - INFO - Restoring parameters from ../model/word_siamese_rnn_ckpt/model.ckpt-5667
2018-06-13 02:30:12,725 - tensorflow - INFO - Running local_init_op.
2018-06-13 02:30:12,744 - tensorflow - INFO - Done running local_init_op.
2018-06-13 02:30:27,651 - tensorflow - INFO - 
Val Log Loss: 0.187

2018-06-13 02:30:27,723 - tensorflow - INFO - Calling model_fn.
2018-06-13 02:30:29,196 - tensorflow - INFO - Done calling model_fn.
2018-06-13 02:30:29,339 - tensorflow - INFO - Graph was finalized.
2018-06-13 02:30:29,339 - tensorflow - INFO - Restoring parameters from ../model/word_siamese_rnn_ckpt/model.ckpt-5667
2018-06-13 02:30:29,443 - tensorflow - INFO - Running local_init_op.
2018-06-13 02:30:29,461 - tensorflow - INFO - Done running local_init_op.
